<?xml version="1.0" encoding="UTF-8"?>
<!-- Generated by org.testng.reporters.JUnitReportReporter -->
<testsuite hostname="DESKTOP-1H5GCMD" failures="0" tests="2" name="Test_Runner.Option.testRunner" time="30.733" errors="0" timestamp="2023-05-15T18:21:51 IST" skipped="0">
  <testcase classname="Test_Runner.Option.testRunner" name="runScenario" time="13.257"/>
  <system-out/>
  <testcase classname="Test_Runner.Option.testRunner" name="runScenario" time="17.476"/>
  <system-out/>
</testsuite> <!-- Test_Runner.Option.testRunner -->
