<?xml version="1.0" encoding="UTF-8"?>
<!-- Generated by org.testng.reporters.JUnitReportReporter -->
<testsuite hostname="DESKTOP-1H5GCMD" failures="0" tests="3" name="Test_Runner.testRunner" time="39.783" errors="0" timestamp="2023-05-15T19:46:42 IST" skipped="0">
  <testcase classname="Test_Runner.testRunner" name="runScenario" time="12.367"/>
  <system-out/>
  <testcase classname="Test_Runner.testRunner" name="runScenario" time="17.955"/>
  <system-out/>
  <testcase classname="Test_Runner.testRunner" name="runScenario" time="9.461"/>
  <system-out/>
</testsuite> <!-- Test_Runner.testRunner -->
