<?xml version="1.0" encoding="UTF-8"?>
<!-- Generated by org.testng.reporters.JUnitReportReporter -->
<testsuite hostname="DESKTOP-1H5GCMD" failures="0" tests="3" name="Cucumber.options.testRunner" time="33.970" errors="0" timestamp="2023-05-15T20:31:09 IST" skipped="0">
  <testcase classname="Cucumber.options.testRunner" name="runScenario" time="9.124"/>
  <system-out/>
  <testcase classname="Cucumber.options.testRunner" name="runScenario" time="14.798"/>
  <system-out/>
  <testcase classname="Cucumber.options.testRunner" name="runScenario" time="10.048"/>
  <system-out/>
</testsuite> <!-- Cucumber.options.testRunner -->
